<?xml version="1.0" encoding="UTF-8"?>
<!-- Generated by org.testng.reporters.JUnitXMLReporter -->
<testsuite ignored="0" hostname="shobhitbharti" failures="0" tests="1" name="BankingApp Test" time="604.298" errors="0" timestamp="2022-01-23T23:47:08 IST">
  <testcase classname="com.inetBanking.testCases.BaseClass" name="@BeforeClass setUp" time="603.852">
    <failure type="org.openqa.selenium.SessionNotCreatedException" message="session not created
from timeout: Timed out receiving message from renderer: 600.000
  (Session info: chrome=97.0.4692.71)
Build info: version: &amp;apos;3.141.59&amp;apos;, revision: &amp;apos;e82be7d358&amp;apos;, time: &amp;apos;2018-11-14T08:17:03&amp;apos;
System info: host: &amp;apos;SHOBHITBHARTI&amp;apos;, ip: &amp;apos;192.168.1.6&amp;apos;, os.name: &amp;apos;Windows 11&amp;apos;, os.arch: &amp;apos;amd64&amp;apos;, os.version: &amp;apos;10.0&amp;apos;, java.version: &amp;apos;11.0.14&amp;apos;
Driver info: driver.version: ChromeDriver
remote stacktrace: Backtrace:
	Ordinal0 [0x00DEFDC3+2555331]
	Ordinal0 [0x00D877F1+2127857]
	Ordinal0 [0x00C82E08+1060360]
	Ordinal0 [0x00C753A8+1004456]
	Ordinal0 [0x00C743FA+1000442]
	Ordinal0 [0x00C746B6+1001142]
	Ordinal0 [0x00C73F95+999317]
	Ordinal0 [0x00C7EEA4+1044132]
	Ordinal0 [0x00C73F45+999237]
	Ordinal0 [0x00C74E85+1003141]
	Ordinal0 [0x00C743FA+1000442]
	Ordinal0 [0x00C746B6+1001142]
	Ordinal0 [0x00C73F95+999317]
	Ordinal0 [0x00C7CEA3+1035939]
	Ordinal0 [0x00C73F45+999237]
	Ordinal0 [0x00C74E85+1003141]
	Ordinal0 [0x00C743FA+1000442]
	Ordinal0 [0x00C746B6+1001142]
	Ordinal0 [0x00C73F95+999317]
	Ordinal0 [0x00C7ACA9+1027241]
	Ordinal0 [0x00C73F45+999237]
	Ordinal0 [0x00C74E85+1003141]
	Ordinal0 [0x00C743FA+1000442]
	Ordinal0 [0x00C746B6+1001142]
	Ordinal0 [0x00C73F95+999317]
	Ordinal0 [0x00C7A02C+1024044]
	Ordinal0 [0x00C73F45+999237]
	Ordinal0 [0x00C74E85+1003141]
	Ordinal0 [0x00C743FA+1000442]
	Ordinal0 [0x00C746B6+1001142]
	Ordinal0 [0x00C73F95+999317]
	Ordinal0 [0x00C6FA8D+981645]
	Ordinal0 [0x00C73F45+999237]
	Ordinal0 [0x00C73CD0+998608]
	Ordinal0 [0x00C73A19+997913]
	Ordinal0 [0x00C84040+1065024]
	Ordinal0 [0x00CCD27B+1364603]
	Ordinal0 [0x00CCBE9A+1359514]
	Ordinal0 [0x00CC7976+1341814]
	Ordinal0 [0x00CA36B6+1193654]
	Ordinal0 [0x00CA4546+1197382]
	GetHandleVerifier [0x00F89622+1619522]
	GetHandleVerifier [0x0103882C+2336844]
	GetHandleVerifier [0x00E823E1+541697]
	GetHandleVerifier [0x00E81443+537699]
	Ordinal0 [0x00D8D18E+2150798]
	Ordinal0 [0x00D91518+2168088]
	Ordinal0 [0x00D91660+2168416]
	Ordinal0 [0x00D9B330+2208560]
	BaseThreadInitThunk [0x765C6739+25]
	RtlGetFullPathName_UEx [0x76F68AFF+1215]
	RtlGetFullPathName_UEx [0x76F68ACD+1165]
">
      <![CDATA[org.openqa.selenium.SessionNotCreatedException: session not created
from timeout: Timed out receiving message from renderer: 600.000
  (Session info: chrome=97.0.4692.71)
Build info: version: '3.141.59', revision: 'e82be7d358', time: '2018-11-14T08:17:03'
System info: host: 'SHOBHITBHARTI', ip: '192.168.1.6', os.name: 'Windows 11', os.arch: 'amd64', os.version: '10.0', java.version: '11.0.14'
Driver info: driver.version: ChromeDriver
remote stacktrace: Backtrace:
Ordinal0 [0x00DEFDC3+2555331]
Ordinal0 [0x00D877F1+2127857]
Ordinal0 [0x00C82E08+1060360]
Ordinal0 [0x00C753A8+1004456]
Ordinal0 [0x00C743FA+1000442]
Ordinal0 [0x00C746B6+1001142]
Ordinal0 [0x00C73F95+999317]
Ordinal0 [0x00C7EEA4+1044132]
Ordinal0 [0x00C73F45+999237]
Ordinal0 [0x00C74E85+1003141]
Ordinal0 [0x00C743FA+1000442]
Ordinal0 [0x00C746B6+1001142]
Ordinal0 [0x00C73F95+999317]
Ordinal0 [0x00C7CEA3+1035939]
Ordinal0 [0x00C73F45+999237]
Ordinal0 [0x00C74E85+1003141]
Ordinal0 [0x00C743FA+1000442]
Ordinal0 [0x00C746B6+1001142]
Ordinal0 [0x00C73F95+999317]
Ordinal0 [0x00C7ACA9+1027241]
Ordinal0 [0x00C73F45+999237]
Ordinal0 [0x00C74E85+1003141]
Ordinal0 [0x00C743FA+1000442]
Ordinal0 [0x00C746B6+1001142]
Ordinal0 [0x00C73F95+999317]
Ordinal0 [0x00C7A02C+1024044]
Ordinal0 [0x00C73F45+999237]
Ordinal0 [0x00C74E85+1003141]
Ordinal0 [0x00C743FA+1000442]
Ordinal0 [0x00C746B6+1001142]
Ordinal0 [0x00C73F95+999317]
Ordinal0 [0x00C6FA8D+981645]
Ordinal0 [0x00C73F45+999237]
Ordinal0 [0x00C73CD0+998608]
Ordinal0 [0x00C73A19+997913]
Ordinal0 [0x00C84040+1065024]
Ordinal0 [0x00CCD27B+1364603]
Ordinal0 [0x00CCBE9A+1359514]
Ordinal0 [0x00CC7976+1341814]
Ordinal0 [0x00CA36B6+1193654]
Ordinal0 [0x00CA4546+1197382]
GetHandleVerifier [0x00F89622+1619522]
GetHandleVerifier [0x0103882C+2336844]
GetHandleVerifier [0x00E823E1+541697]
GetHandleVerifier [0x00E81443+537699]
Ordinal0 [0x00D8D18E+2150798]
Ordinal0 [0x00D91518+2168088]
Ordinal0 [0x00D91660+2168416]
Ordinal0 [0x00D9B330+2208560]
BaseThreadInitThunk [0x765C6739+25]
RtlGetFullPathName_UEx [0x76F68AFF+1215]
RtlGetFullPathName_UEx [0x76F68ACD+1165]

at org.openqa.selenium.remote.W3CHandshakeResponse.lambda$errorHandler$0(W3CHandshakeResponse.java:62)
at org.openqa.selenium.remote.HandshakeResponse.lambda$getResponseFunction$0(HandshakeResponse.java:30)
at org.openqa.selenium.remote.ProtocolHandshake.lambda$createSession$0(ProtocolHandshake.java:126)
at java.base/java.util.stream.ReferencePipeline$3$1.accept(ReferencePipeline.java:195)
at java.base/java.util.Spliterators$ArraySpliterator.tryAdvance(Spliterators.java:958)
at java.base/java.util.stream.ReferencePipeline.forEachWithCancel(ReferencePipeline.java:127)
at java.base/java.util.stream.AbstractPipeline.copyIntoWithCancel(AbstractPipeline.java:502)
at java.base/java.util.stream.AbstractPipeline.copyInto(AbstractPipeline.java:488)
at java.base/java.util.stream.AbstractPipeline.wrapAndCopyInto(AbstractPipeline.java:474)
at java.base/java.util.stream.FindOps$FindOp.evaluateSequential(FindOps.java:150)
at java.base/java.util.stream.AbstractPipeline.evaluate(AbstractPipeline.java:234)
at java.base/java.util.stream.ReferencePipeline.findFirst(ReferencePipeline.java:543)
at org.openqa.selenium.remote.ProtocolHandshake.createSession(ProtocolHandshake.java:128)
at org.openqa.selenium.remote.ProtocolHandshake.createSession(ProtocolHandshake.java:74)
at org.openqa.selenium.remote.HttpCommandExecutor.execute(HttpCommandExecutor.java:136)
at org.openqa.selenium.remote.service.DriverCommandExecutor.execute(DriverCommandExecutor.java:83)
at org.openqa.selenium.remote.RemoteWebDriver.execute(RemoteWebDriver.java:552)
at org.openqa.selenium.remote.RemoteWebDriver.startSession(RemoteWebDriver.java:213)
at org.openqa.selenium.remote.RemoteWebDriver.<init>(RemoteWebDriver.java:131)
at org.openqa.selenium.chrome.ChromeDriver.<init>(ChromeDriver.java:181)
at org.openqa.selenium.chrome.ChromeDriver.<init>(ChromeDriver.java:168)
at org.openqa.selenium.chrome.ChromeDriver.<init>(ChromeDriver.java:123)
at com.inetBanking.testCases.BaseClass.setUp(BaseClass.java:47)
at java.base/java.util.ArrayList.forEach(ArrayList.java:1541)
... Removed 32 stack frames]]>
    </failure>
  </testcase> <!-- @BeforeClass setUp -->
  <testcase classname="com.inetBanking.testCases.BaseClass" name="@AfterClass tearDown" time="-1.642961828703E9">
    <skipped/>
  </testcase> <!-- @AfterClass tearDown -->
  <testcase classname="com.inetBanking.testCases.TC_AddCustomerTest_003" name="addNewCustomer" time="0.0">
    <skipped/>
  </testcase> <!-- addNewCustomer -->
</testsuite> <!-- BankingApp Test -->
