<!DOCTYPE html PUBLIC "-//W3C//DTD XHTML 1.1//EN" "https://www.w3.org/TR/xhtml11/DTD/xhtml11.dtd">
<html xmlns="https://www.w3.org/1999/xhtml">
<head>
<meta http-equiv="content-type" content="text/html; charset=UTF-8"/>
<title>TestNG Report</title>
<style type="text/css">table {margin-bottom:10px;border-collapse:collapse;empty-cells:show}th,td {border:1px solid #009;padding:.25em .5em}th {vertical-align:bottom}td {vertical-align:top}table a {font-weight:bold}.stripe td {background-color: #E6EBF9}.num {text-align:right}.passedodd td {background-color: #3F3}.passedeven td {background-color: #0A0}.skippedodd td {background-color: #DDD}.skippedeven td {background-color: #CCC}.failedodd td,.attn {background-color: #F33}.failedeven td,.stripe .attn {background-color: #D00}.stacktrace {white-space:pre;font-family:monospace}.totop {font-size:85%;text-align:center;border-bottom:2px solid #000}.invisible {display:none}</style>
</head>
<body>
<table>
<tr><th>Test</th><th># Passed</th><th># Skipped</th><th># Retried</th><th># Failed</th><th>Time (ms)</th><th>Included Groups</th><th>Excluded Groups</th></tr>
<tr><th colspan="8">InetBankingV1</th></tr>
<tr><td><a href="#t0">BankingApp Test</a></td><td class="num">0</td><td class="num attn">1</td><td class="num">0</td><td class="num">0</td><td class="num">604,298</td><td></td><td></td></tr>
</table>
<table id='summary'><thead><tr><th>Class</th><th>Method</th><th>Start</th><th>Time (ms)</th></tr></thead><tbody><tr><th colspan="4">InetBankingV1</th></tr></tbody><tbody id="t0"><tr><th colspan="4">BankingApp Test &#8212; failed (configuration methods)</th></tr><tr class="failedeven"><td rowspan="1">com.inetBanking.testCases.TC_AddCustomerTest_003</td><td><a href="#m0">setUp</a></td><td rowspan="1">1642961224822</td><td rowspan="1">603852</td></tr><tr><th colspan="4">BankingApp Test &#8212; skipped (configuration methods)</th></tr><tr class="skippedeven"><td rowspan="1">com.inetBanking.testCases.TC_AddCustomerTest_003</td><td><a href="#m1">tearDown</a></td><td rowspan="1">1642961828703</td><td rowspan="1">-1642961828703</td></tr><tr><th colspan="4">BankingApp Test &#8212; skipped</th></tr><tr class="skippedeven"><td rowspan="1">com.inetBanking.testCases.TC_AddCustomerTest_003</td><td><a href="#m2">addNewCustomer</a></td><td rowspan="1">1642961828690</td><td rowspan="1">0</td></tr></tbody>
</table>
<h2>BankingApp Test</h2><h3 id="m0">com.inetBanking.testCases.TC_AddCustomerTest_003#setUp</h3><table class="result"><tr class="param"><th>Parameter #1</th></tr><tr class="param stripe"><td>chrome</td></tr><tr><th>Exception</th></tr><tr><td><div class="stacktrace">org.openqa.selenium.SessionNotCreatedException: session not created
from timeout: Timed out receiving message from renderer: 600.000
  (Session info: chrome=97.0.4692.71)
Build info: version: &apos;3.141.59&apos;, revision: &apos;e82be7d358&apos;, time: &apos;2018-11-14T08:17:03&apos;
System info: host: &apos;SHOBHITBHARTI&apos;, ip: &apos;192.168.1.6&apos;, os.name: &apos;Windows 11&apos;, os.arch: &apos;amd64&apos;, os.version: &apos;10.0&apos;, java.version: &apos;11.0.14&apos;
Driver info: driver.version: ChromeDriver
remote stacktrace: Backtrace:
	Ordinal0 [0x00DEFDC3+2555331]
	Ordinal0 [0x00D877F1+2127857]
	Ordinal0 [0x00C82E08+1060360]
	Ordinal0 [0x00C753A8+1004456]
	Ordinal0 [0x00C743FA+1000442]
	Ordinal0 [0x00C746B6+1001142]
	Ordinal0 [0x00C73F95+999317]
	Ordinal0 [0x00C7EEA4+1044132]
	Ordinal0 [0x00C73F45+999237]
	Ordinal0 [0x00C74E85+1003141]
	Ordinal0 [0x00C743FA+1000442]
	Ordinal0 [0x00C746B6+1001142]
	Ordinal0 [0x00C73F95+999317]
	Ordinal0 [0x00C7CEA3+1035939]
	Ordinal0 [0x00C73F45+999237]
	Ordinal0 [0x00C74E85+1003141]
	Ordinal0 [0x00C743FA+1000442]
	Ordinal0 [0x00C746B6+1001142]
	Ordinal0 [0x00C73F95+999317]
	Ordinal0 [0x00C7ACA9+1027241]
	Ordinal0 [0x00C73F45+999237]
	Ordinal0 [0x00C74E85+1003141]
	Ordinal0 [0x00C743FA+1000442]
	Ordinal0 [0x00C746B6+1001142]
	Ordinal0 [0x00C73F95+999317]
	Ordinal0 [0x00C7A02C+1024044]
	Ordinal0 [0x00C73F45+999237]
	Ordinal0 [0x00C74E85+1003141]
	Ordinal0 [0x00C743FA+1000442]
	Ordinal0 [0x00C746B6+1001142]
	Ordinal0 [0x00C73F95+999317]
	Ordinal0 [0x00C6FA8D+981645]
	Ordinal0 [0x00C73F45+999237]
	Ordinal0 [0x00C73CD0+998608]
	Ordinal0 [0x00C73A19+997913]
	Ordinal0 [0x00C84040+1065024]
	Ordinal0 [0x00CCD27B+1364603]
	Ordinal0 [0x00CCBE9A+1359514]
	Ordinal0 [0x00CC7976+1341814]
	Ordinal0 [0x00CA36B6+1193654]
	Ordinal0 [0x00CA4546+1197382]
	GetHandleVerifier [0x00F89622+1619522]
	GetHandleVerifier [0x0103882C+2336844]
	GetHandleVerifier [0x00E823E1+541697]
	GetHandleVerifier [0x00E81443+537699]
	Ordinal0 [0x00D8D18E+2150798]
	Ordinal0 [0x00D91518+2168088]
	Ordinal0 [0x00D91660+2168416]
	Ordinal0 [0x00D9B330+2208560]
	BaseThreadInitThunk [0x765C6739+25]
	RtlGetFullPathName_UEx [0x76F68AFF+1215]
	RtlGetFullPathName_UEx [0x76F68ACD+1165]

	at org.openqa.selenium.remote.W3CHandshakeResponse.lambda$errorHandler$0(W3CHandshakeResponse.java:62)
	at org.openqa.selenium.remote.HandshakeResponse.lambda$getResponseFunction$0(HandshakeResponse.java:30)
	at org.openqa.selenium.remote.ProtocolHandshake.lambda$createSession$0(ProtocolHandshake.java:126)
	at java.base/java.util.stream.ReferencePipeline$3$1.accept(ReferencePipeline.java:195)
	at java.base/java.util.Spliterators$ArraySpliterator.tryAdvance(Spliterators.java:958)
	at java.base/java.util.stream.ReferencePipeline.forEachWithCancel(ReferencePipeline.java:127)
	at java.base/java.util.stream.AbstractPipeline.copyIntoWithCancel(AbstractPipeline.java:502)
	at java.base/java.util.stream.AbstractPipeline.copyInto(AbstractPipeline.java:488)
	at java.base/java.util.stream.AbstractPipeline.wrapAndCopyInto(AbstractPipeline.java:474)
	at java.base/java.util.stream.FindOps$FindOp.evaluateSequential(FindOps.java:150)
	at java.base/java.util.stream.AbstractPipeline.evaluate(AbstractPipeline.java:234)
	at java.base/java.util.stream.ReferencePipeline.findFirst(ReferencePipeline.java:543)
	at org.openqa.selenium.remote.ProtocolHandshake.createSession(ProtocolHandshake.java:128)
	at org.openqa.selenium.remote.ProtocolHandshake.createSession(ProtocolHandshake.java:74)
	at org.openqa.selenium.remote.HttpCommandExecutor.execute(HttpCommandExecutor.java:136)
	at org.openqa.selenium.remote.service.DriverCommandExecutor.execute(DriverCommandExecutor.java:83)
	at org.openqa.selenium.remote.RemoteWebDriver.execute(RemoteWebDriver.java:552)
	at org.openqa.selenium.remote.RemoteWebDriver.startSession(RemoteWebDriver.java:213)
	at org.openqa.selenium.remote.RemoteWebDriver.&lt;init&gt;(RemoteWebDriver.java:131)
	at org.openqa.selenium.chrome.ChromeDriver.&lt;init&gt;(ChromeDriver.java:181)
	at org.openqa.selenium.chrome.ChromeDriver.&lt;init&gt;(ChromeDriver.java:168)
	at org.openqa.selenium.chrome.ChromeDriver.&lt;init&gt;(ChromeDriver.java:123)
	at com.inetBanking.testCases.BaseClass.setUp(BaseClass.java:47)
	at java.base/java.util.ArrayList.forEach(ArrayList.java:1541)
... Removed 32 stack frames</div></td></tr></table><p class="totop"><a href="#summary">back to summary</a></p>
<h3 id="m1">com.inetBanking.testCases.TC_AddCustomerTest_003#tearDown</h3><table class="result"><tr><th class="invisible"/></tr></table><p class="totop"><a href="#summary">back to summary</a></p>
<h3 id="m2">com.inetBanking.testCases.TC_AddCustomerTest_003#addNewCustomer</h3><table class="result"><tr><th>Exception</th></tr><tr><td><div class="stacktrace">org.openqa.selenium.SessionNotCreatedException: session not created
from timeout: Timed out receiving message from renderer: 600.000
  (Session info: chrome=97.0.4692.71)
Build info: version: &apos;3.141.59&apos;, revision: &apos;e82be7d358&apos;, time: &apos;2018-11-14T08:17:03&apos;
System info: host: &apos;SHOBHITBHARTI&apos;, ip: &apos;192.168.1.6&apos;, os.name: &apos;Windows 11&apos;, os.arch: &apos;amd64&apos;, os.version: &apos;10.0&apos;, java.version: &apos;11.0.14&apos;
Driver info: driver.version: ChromeDriver
remote stacktrace: Backtrace:
	Ordinal0 [0x00DEFDC3+2555331]
	Ordinal0 [0x00D877F1+2127857]
	Ordinal0 [0x00C82E08+1060360]
	Ordinal0 [0x00C753A8+1004456]
	Ordinal0 [0x00C743FA+1000442]
	Ordinal0 [0x00C746B6+1001142]
	Ordinal0 [0x00C73F95+999317]
	Ordinal0 [0x00C7EEA4+1044132]
	Ordinal0 [0x00C73F45+999237]
	Ordinal0 [0x00C74E85+1003141]
	Ordinal0 [0x00C743FA+1000442]
	Ordinal0 [0x00C746B6+1001142]
	Ordinal0 [0x00C73F95+999317]
	Ordinal0 [0x00C7CEA3+1035939]
	Ordinal0 [0x00C73F45+999237]
	Ordinal0 [0x00C74E85+1003141]
	Ordinal0 [0x00C743FA+1000442]
	Ordinal0 [0x00C746B6+1001142]
	Ordinal0 [0x00C73F95+999317]
	Ordinal0 [0x00C7ACA9+1027241]
	Ordinal0 [0x00C73F45+999237]
	Ordinal0 [0x00C74E85+1003141]
	Ordinal0 [0x00C743FA+1000442]
	Ordinal0 [0x00C746B6+1001142]
	Ordinal0 [0x00C73F95+999317]
	Ordinal0 [0x00C7A02C+1024044]
	Ordinal0 [0x00C73F45+999237]
	Ordinal0 [0x00C74E85+1003141]
	Ordinal0 [0x00C743FA+1000442]
	Ordinal0 [0x00C746B6+1001142]
	Ordinal0 [0x00C73F95+999317]
	Ordinal0 [0x00C6FA8D+981645]
	Ordinal0 [0x00C73F45+999237]
	Ordinal0 [0x00C73CD0+998608]
	Ordinal0 [0x00C73A19+997913]
	Ordinal0 [0x00C84040+1065024]
	Ordinal0 [0x00CCD27B+1364603]
	Ordinal0 [0x00CCBE9A+1359514]
	Ordinal0 [0x00CC7976+1341814]
	Ordinal0 [0x00CA36B6+1193654]
	Ordinal0 [0x00CA4546+1197382]
	GetHandleVerifier [0x00F89622+1619522]
	GetHandleVerifier [0x0103882C+2336844]
	GetHandleVerifier [0x00E823E1+541697]
	GetHandleVerifier [0x00E81443+537699]
	Ordinal0 [0x00D8D18E+2150798]
	Ordinal0 [0x00D91518+2168088]
	Ordinal0 [0x00D91660+2168416]
	Ordinal0 [0x00D9B330+2208560]
	BaseThreadInitThunk [0x765C6739+25]
	RtlGetFullPathName_UEx [0x76F68AFF+1215]
	RtlGetFullPathName_UEx [0x76F68ACD+1165]

	at org.openqa.selenium.remote.W3CHandshakeResponse.lambda$errorHandler$0(W3CHandshakeResponse.java:62)
	at org.openqa.selenium.remote.HandshakeResponse.lambda$getResponseFunction$0(HandshakeResponse.java:30)
	at org.openqa.selenium.remote.ProtocolHandshake.lambda$createSession$0(ProtocolHandshake.java:126)
	at java.base/java.util.stream.ReferencePipeline$3$1.accept(ReferencePipeline.java:195)
	at java.base/java.util.Spliterators$ArraySpliterator.tryAdvance(Spliterators.java:958)
	at java.base/java.util.stream.ReferencePipeline.forEachWithCancel(ReferencePipeline.java:127)
	at java.base/java.util.stream.AbstractPipeline.copyIntoWithCancel(AbstractPipeline.java:502)
	at java.base/java.util.stream.AbstractPipeline.copyInto(AbstractPipeline.java:488)
	at java.base/java.util.stream.AbstractPipeline.wrapAndCopyInto(AbstractPipeline.java:474)
	at java.base/java.util.stream.FindOps$FindOp.evaluateSequential(FindOps.java:150)
	at java.base/java.util.stream.AbstractPipeline.evaluate(AbstractPipeline.java:234)
	at java.base/java.util.stream.ReferencePipeline.findFirst(ReferencePipeline.java:543)
	at org.openqa.selenium.remote.ProtocolHandshake.createSession(ProtocolHandshake.java:128)
	at org.openqa.selenium.remote.ProtocolHandshake.createSession(ProtocolHandshake.java:74)
	at org.openqa.selenium.remote.HttpCommandExecutor.execute(HttpCommandExecutor.java:136)
	at org.openqa.selenium.remote.service.DriverCommandExecutor.execute(DriverCommandExecutor.java:83)
	at org.openqa.selenium.remote.RemoteWebDriver.execute(RemoteWebDriver.java:552)
	at org.openqa.selenium.remote.RemoteWebDriver.startSession(RemoteWebDriver.java:213)
	at org.openqa.selenium.remote.RemoteWebDriver.&lt;init&gt;(RemoteWebDriver.java:131)
	at org.openqa.selenium.chrome.ChromeDriver.&lt;init&gt;(ChromeDriver.java:181)
	at org.openqa.selenium.chrome.ChromeDriver.&lt;init&gt;(ChromeDriver.java:168)
	at org.openqa.selenium.chrome.ChromeDriver.&lt;init&gt;(ChromeDriver.java:123)
	at com.inetBanking.testCases.BaseClass.setUp(BaseClass.java:47)
	at java.base/java.util.ArrayList.forEach(ArrayList.java:1541)
... Removed 32 stack frames</div></td></tr></table><p class="totop"><a href="#summary">back to summary</a></p>
</body>
</html>
